Compiling the CXX compiler identification source file "CMakeCXXCompilerId.cpp" failed.
Compiler: CMAKE_CXX_COMPILER-NOTFOUND 
Build flags: 
Id flags:  

The output was:
No such file or directory


Compiling the CXX compiler identification source file "CMakeCXXCompilerId.cpp" failed.
Compiler: CMAKE_CXX_COMPILER-NOTFOUND 
Build flags: 
Id flags: -c 

The output was:
No such file or directory


Compiling the CXX compiler identification source file "CMakeCXXCompilerId.cpp" failed.
Compiler: CMAKE_CXX_COMPILER-NOTFOUND 
Build flags: 
Id flags: --c++ 

The output was:
No such file or directory


Compiling the CXX compiler identification source file "CMakeCXXCompilerId.cpp" failed.
Compiler: CMAKE_CXX_COMPILER-NOTFOUND 
Build flags: 
Id flags: --ec++ 

The output was:
No such file or directory


Compiling the CXX compiler identification source file "CMakeCXXCompilerId.cpp" failed.
Compiler: CMAKE_CXX_COMPILER-NOTFOUND 
Build flags: 
Id flags: --target=arm-arm-none-eabi;-mcpu=cortex-m3 

The output was:
No such file or directory


Compiling the CXX compiler identification source file "CMakeCXXCompilerId.cpp" failed.
Compiler: CMAKE_CXX_COMPILER-NOTFOUND 
Build flags: 
Id flags:  

The output was:
No such file or directory


Compiling the CXX compiler identification source file "CMakeCXXCompilerId.cpp" failed.
Compiler: CMAKE_CXX_COMPILER-NOTFOUND 
Build flags: 
Id flags: -c 

The output was:
No such file or directory


Compiling the CXX compiler identification source file "CMakeCXXCompilerId.cpp" failed.
Compiler: CMAKE_CXX_COMPILER-NOTFOUND 
Build flags: 
Id flags: --c++ 

The output was:
No such file or directory


Compiling the CXX compiler identification source file "CMakeCXXCompilerId.cpp" failed.
Compiler: CMAKE_CXX_COMPILER-NOTFOUND 
Build flags: 
Id flags: --ec++ 

The output was:
No such file or directory


Compiling the CXX compiler identification source file "CMakeCXXCompilerId.cpp" failed.
Compiler: CMAKE_CXX_COMPILER-NOTFOUND 
Build flags: 
Id flags: --target=arm-arm-none-eabi;-mcpu=cortex-m3 

The output was:
No such file or directory


Performing C SOURCE FILE Test CMAKE_HAVE_LIBC_PTHREAD failed with the following output:
Change Dir: /home/jordankettles/Documents/Github/opengl/opengl/build/CMakeFiles/CMakeTmp

Run Build Command(s):/usr/bin/gmake cmTC_c7a90/fast && /usr/bin/gmake  -f CMakeFiles/cmTC_c7a90.dir/build.make CMakeFiles/cmTC_c7a90.dir/build
gmake[1]: Entering directory '/home/jordankettles/Documents/Github/opengl/opengl/build/CMakeFiles/CMakeTmp'
Building C object CMakeFiles/cmTC_c7a90.dir/src.c.o
/usr/bin/x86_64-redhat-linux-gcc-11 -DCMAKE_HAVE_LIBC_PTHREAD   -o CMakeFiles/cmTC_c7a90.dir/src.c.o -c /home/jordankettles/Documents/Github/opengl/opengl/build/CMakeFiles/CMakeTmp/src.c
Linking C executable cmTC_c7a90
/usr/bin/cmake -E cmake_link_script CMakeFiles/cmTC_c7a90.dir/link.txt --verbose=1
/usr/bin/x86_64-redhat-linux-gcc-11 -rdynamic CMakeFiles/cmTC_c7a90.dir/src.c.o -o cmTC_c7a90 
/usr/bin/ld: CMakeFiles/cmTC_c7a90.dir/src.c.o: in function `main':
src.c:(.text+0x2d): undefined reference to `pthread_create'
/usr/bin/ld: src.c:(.text+0x39): undefined reference to `pthread_detach'
/usr/bin/ld: src.c:(.text+0x45): undefined reference to `pthread_cancel'
/usr/bin/ld: src.c:(.text+0x56): undefined reference to `pthread_join'
collect2: error: ld returned 1 exit status
gmake[1]: *** [CMakeFiles/cmTC_c7a90.dir/build.make:106: cmTC_c7a90] Error 1
gmake[1]: Leaving directory '/home/jordankettles/Documents/Github/opengl/opengl/build/CMakeFiles/CMakeTmp'
gmake: *** [Makefile:140: cmTC_c7a90/fast] Error 2


Source file was:
#include <pthread.h>

static void* test_func(void* data)
{
  return data;
}

int main(void)
{
  pthread_t thread;
  pthread_create(&thread, NULL, test_func, NULL);
  pthread_detach(thread);
  pthread_cancel(thread);
  pthread_join(thread, NULL);
  pthread_atfork(NULL, NULL, NULL);
  pthread_exit(NULL);

  return 0;
}

Determining if the function pthread_create exists in the pthreads failed with the following output:
Change Dir: /home/jordankettles/Documents/Github/opengl/opengl/build/CMakeFiles/CMakeTmp

Run Build Command(s):/usr/bin/gmake cmTC_85000/fast && /usr/bin/gmake  -f CMakeFiles/cmTC_85000.dir/build.make CMakeFiles/cmTC_85000.dir/build
gmake[1]: Entering directory '/home/jordankettles/Documents/Github/opengl/opengl/build/CMakeFiles/CMakeTmp'
Building C object CMakeFiles/cmTC_85000.dir/CheckFunctionExists.c.o
/usr/bin/x86_64-redhat-linux-gcc-11   -DCHECK_FUNCTION_EXISTS=pthread_create -o CMakeFiles/cmTC_85000.dir/CheckFunctionExists.c.o -c /usr/share/cmake/Modules/CheckFunctionExists.c
Linking C executable cmTC_85000
/usr/bin/cmake -E cmake_link_script CMakeFiles/cmTC_85000.dir/link.txt --verbose=1
/usr/bin/x86_64-redhat-linux-gcc-11  -DCHECK_FUNCTION_EXISTS=pthread_create -rdynamic CMakeFiles/cmTC_85000.dir/CheckFunctionExists.c.o -o cmTC_85000  -lpthreads 
/usr/bin/ld: cannot find -lpthreads
collect2: error: ld returned 1 exit status
gmake[1]: *** [CMakeFiles/cmTC_85000.dir/build.make:106: cmTC_85000] Error 1
gmake[1]: Leaving directory '/home/jordankettles/Documents/Github/opengl/opengl/build/CMakeFiles/CMakeTmp'
gmake: *** [Makefile:140: cmTC_85000/fast] Error 2



